check.dict
cmudict-en-us.dict
digits.gram
en-phone.dmp
en-us-ptm/README
en-us-ptm/feat.params
en-us-ptm/mdef
en-us-ptm/means
en-us-ptm/noisedict
en-us-ptm/sendump
en-us-ptm/transition_matrices
en-us-ptm/variances
menu.gram
msu_ru_full.dic
msu_ru_nsh.dic
msu_ru_nsh.fileids
msu_ru_nsh.filler
msu_ru_nsh.lm.dmp
msu_ru_nsh.phone
msu_ru_nsh.sil
msu_ru_nsh.transcription
msu_ru_nsh.tree_questions
msu_ru_nsh_test.fileids
msu_ru_nsh_test.transcription
ru-ru-ptm/feat.params
ru-ru-ptm/mdef
ru-ru-ptm/means
ru-ru-ptm/mixture_weights
ru-ru-ptm/noisedict
ru-ru-ptm/sendump
ru-ru-ptm/transition_matrices
ru-ru-ptm/variances
weather.dmp